\BOOKMARK [0][-]{chapter.1}{Introduction}{}% 1
\BOOKMARK [1][-]{section.1.1}{Question de recherche}{chapter.1}% 2
\BOOKMARK [1][-]{section.1.2}{Contexte du projet}{chapter.1}% 3
\BOOKMARK [0][-]{chapter.2}{\300 propos des donn\351es}{}% 4
\BOOKMARK [1][-]{section.2.1}{Extraction, description et contextualisation des donn\351es}{chapter.2}% 5
\BOOKMARK [2][-]{subsection.2.1.1}{Le syst\350me SICA}{section.2.1}% 6
\BOOKMARK [2][-]{subsection.2.1.2}{Donn\351es gustatives}{section.2.1}% 7
\BOOKMARK [2][-]{subsection.2.1.3}{Donn\351es climatiques}{section.2.1}% 8
\BOOKMARK [2][-]{subsection.2.1.4}{Donn\351es de sols}{section.2.1}% 9
\BOOKMARK [0][-]{chapter.3}{M\351thodes de mod\351lisation}{}% 10
\BOOKMARK [1][-]{section.3.1}{Rappel des objectifs}{chapter.3}% 11
\BOOKMARK [1][-]{section.3.2}{Apprentissage supervis\351}{chapter.3}% 12
\BOOKMARK [2][-]{subsection.3.2.1}{Random Forest}{section.3.2}% 13
\BOOKMARK [2][-]{subsection.3.2.2}{Partial Least Square \(PLS\)}{section.3.2}% 14
\BOOKMARK [2][-]{subsection.3.2.3}{Multi Block PLS}{section.3.2}% 15
\BOOKMARK [1][-]{section.3.3}{Apprentissage non-supervis\351}{chapter.3}% 16
\BOOKMARK [2][-]{subsection.3.3.1}{SOM}{section.3.3}% 17
\BOOKMARK [1][-]{section.3.4}{Optimisation}{chapter.3}% 18
\BOOKMARK [2][-]{subsection.3.4.1}{Cross-Validation}{section.3.4}% 19
\BOOKMARK [0][-]{chapter.4}{Analyse des donn\351es}{}% 20
\BOOKMARK [1][-]{section.4.1}{Data Mining - Analyse exploratoire}{chapter.4}% 21
\BOOKMARK [2][-]{subsection.4.1.1}{Pre-processing}{section.4.1}% 22
\BOOKMARK [2][-]{subsection.4.1.2}{Analyse exploratoire}{section.4.1}% 23
\BOOKMARK [1][-]{section.4.2}{R\351sultats des analyses }{chapter.4}% 24
\BOOKMARK [2][-]{subsection.4.2.1}{Perceptron Multi-couches}{section.4.2}% 25
\BOOKMARK [2][-]{subsection.4.2.2}{Random Forest}{section.4.2}% 26
\BOOKMARK [2][-]{subsection.4.2.3}{Random Forest avec variables \340 haute variabilit\351}{section.4.2}% 27
\BOOKMARK [2][-]{subsection.4.2.4}{Partial Least Squares}{section.4.2}% 28
\BOOKMARK [0][-]{chapter.5}{Discussion des r\351sultats}{}% 29
\BOOKMARK [0][-]{chapter.6}{Conclusion}{}% 30
\BOOKMARK [0][-]{appendix.A}{Description du dataset}{}% 31
\BOOKMARK [0][-]{appendix.B}{Importances des variables par cluster}{}% 32
\BOOKMARK [0][-]{appendix.C}{Partial Plots - r\351sultats Random Forest}{}% 33
